<?xml version="1.0" encoding="UTF-8"?>
<testsuite name="CalculatorTest" tests="4" skipped="0" failures="0" errors="0" timestamp="2023-06-06T06:09:52" hostname="eun.local" time="0.11">
  <properties/>
  <testcase name="나누기" classname="CalculatorTest" time="0.089"/>
  <testcase name="더하기" classname="CalculatorTest" time="0.001"/>
  <testcase name="빼기" classname="CalculatorTest" time="0.005"/>
  <testcase name="곱하기" classname="CalculatorTest" time="0.003"/>
  <system-out><![CDATA[]]></system-out>
  <system-err><![CDATA[]]></system-err>
</testsuite>
